[debug] [2021-11-19T11:51:57.170Z] ----------------------------------------------------------------------
[debug] [2021-11-19T11:51:57.179Z] Command:       /home/ybaamel/.nvm/versions/node/v16.13.0/bin/node /home/ybaamel/.nvm/versions/node/v16.13.0/bin/firebase deploy
[debug] [2021-11-19T11:51:57.181Z] CLI Version:   9.22.0
[debug] [2021-11-19T11:51:57.181Z] Platform:      linux
[debug] [2021-11-19T11:51:57.181Z] Node Version:  v16.13.0
[debug] [2021-11-19T11:51:57.219Z] Time:          Fri Nov 19 2021 12:51:57 GMT+0100 (GMT+01:00)
[debug] [2021-11-19T11:51:57.220Z] ----------------------------------------------------------------------
[debug] 
[debug] [2021-11-19T11:51:57.258Z] >>> [apiv2][query] GET https://firebase-public.firebaseio.com/cli.json [none]
[debug] [2021-11-19T11:51:57.443Z] > command requires scopes: ["email","openid","https://www.googleapis.com/auth/cloudplatformprojects.readonly","https://www.googleapis.com/auth/firebase","https://www.googleapis.com/auth/cloud-platform"]
[debug] [2021-11-19T11:51:57.443Z] > authorizing via signed-in user (imyoussefbaamel@gmail.com)
[debug] [2021-11-19T11:51:57.444Z] [iam] checking project ecom-1-4de2c for permissions ["firebase.projects.get","firebasehosting.sites.update"]
[debug] [2021-11-19T11:51:57.446Z] > refreshing access token with scopes: ["email","https://www.googleapis.com/auth/cloud-platform","https://www.googleapis.com/auth/cloudplatformprojects.readonly","https://www.googleapis.com/auth/firebase","openid"]
[debug] [2021-11-19T11:51:57.447Z] >>> HTTP REQUEST POST https://www.googleapis.com/oauth2/v3/token  
 <request body omitted>
[debug] [2021-11-19T11:51:57.867Z] <<< HTTP RESPONSE 200 {"cache-control":"no-cache, no-store, max-age=0, must-revalidate","pragma":"no-cache","date":"Fri, 19 Nov 2021 11:51:57 GMT","expires":"Mon, 01 Jan 1990 00:00:00 GMT","content-type":"application/json; charset=utf-8","vary":"X-Origin, Referer, Origin,Accept-Encoding","server":"scaffolding on HTTPServer2","x-xss-protection":"0","x-frame-options":"SAMEORIGIN","x-content-type-options":"nosniff","alt-svc":"h3=\":443\"; ma=2592000,h3-29=\":443\"; ma=2592000,h3-Q050=\":443\"; ma=2592000,h3-Q046=\":443\"; ma=2592000,h3-Q043=\":443\"; ma=2592000,quic=\":443\"; ma=2592000; v=\"46,43\"","accept-ranges":"none","transfer-encoding":"chunked"}
[debug] [2021-11-19T11:51:57.992Z] >>> HTTP REQUEST POST https://cloudresourcemanager.googleapis.com/v1/projects/ecom-1-4de2c:testIamPermissions  
 {"permissions":["firebase.projects.get","firebasehosting.sites.update"]}
[debug] [2021-11-19T11:51:58.158Z] <<< [apiv2][status] GET https://firebase-public.firebaseio.com/cli.json 200
[debug] [2021-11-19T11:51:58.158Z] <<< [apiv2][body] GET https://firebase-public.firebaseio.com/cli.json {"cloudBuildErrorAfter":1594252800000,"cloudBuildWarnAfter":1590019200000,"defaultNode10After":1594252800000,"minVersion":"3.0.5","node8DeploysDisabledAfter":1613390400000,"node8RuntimeDisabledAfter":1615809600000,"node8WarnAfter":1600128000000}
[debug] [2021-11-19T11:51:59.151Z] <<< HTTP RESPONSE 200 {"content-type":"application/json; charset=UTF-8","vary":"X-Origin, Referer, Origin,Accept-Encoding","date":"Fri, 19 Nov 2021 11:51:59 GMT","server":"ESF","cache-control":"private","x-xss-protection":"0","x-frame-options":"SAMEORIGIN","x-content-type-options":"nosniff","server-timing":"gfet4t7; dur=790","alt-svc":"h3=\":443\"; ma=2592000,h3-29=\":443\"; ma=2592000,h3-Q050=\":443\"; ma=2592000,h3-Q046=\":443\"; ma=2592000,h3-Q043=\":443\"; ma=2592000,quic=\":443\"; ma=2592000; v=\"46,43\"","accept-ranges":"none","transfer-encoding":"chunked"}
[debug] [2021-11-19T11:51:59.153Z] [iam] error while checking permissions, command may fail: FirebaseError: Authorization failed. This account is missing the following required permissions on project ecom-1-4de2c:

  firebase.projects.get
  firebasehosting.sites.update
[debug] [2021-11-19T11:51:59.155Z] > refreshing access token with scopes: []
[debug] [2021-11-19T11:51:59.156Z] >>> HTTP REQUEST POST https://www.googleapis.com/oauth2/v3/token  
 <request body omitted>
[debug] [2021-11-19T11:51:59.318Z] <<< HTTP RESPONSE 200 {"date":"Fri, 19 Nov 2021 11:51:59 GMT","expires":"Mon, 01 Jan 1990 00:00:00 GMT","pragma":"no-cache","cache-control":"no-cache, no-store, max-age=0, must-revalidate","content-type":"application/json; charset=utf-8","vary":"X-Origin, Referer, Origin,Accept-Encoding","server":"scaffolding on HTTPServer2","x-xss-protection":"0","x-frame-options":"SAMEORIGIN","x-content-type-options":"nosniff","alt-svc":"h3=\":443\"; ma=2592000,h3-29=\":443\"; ma=2592000,h3-Q050=\":443\"; ma=2592000,h3-Q046=\":443\"; ma=2592000,h3-Q043=\":443\"; ma=2592000,quic=\":443\"; ma=2592000; v=\"46,43\"","accept-ranges":"none","transfer-encoding":"chunked"}
[debug] [2021-11-19T11:51:59.407Z] >>> [apiv2][query] GET https://firebase.googleapis.com/v1beta1/projects/ecom-1-4de2c [none]
[debug] [2021-11-19T11:51:59.774Z] <<< [apiv2][status] GET https://firebase.googleapis.com/v1beta1/projects/ecom-1-4de2c 403
[debug] [2021-11-19T11:51:59.775Z] <<< [apiv2][body] GET https://firebase.googleapis.com/v1beta1/projects/ecom-1-4de2c {"error":{"code":403,"message":"The caller does not have permission","status":"PERMISSION_DENIED"}}
[debug] [2021-11-19T11:51:59.777Z] HTTP Error: 403, The caller does not have permission
[debug] [2021-11-19T11:51:59.779Z] FirebaseError: HTTP Error: 403, The caller does not have permission
    at module.exports (/home/ybaamel/.nvm/versions/node/v16.13.0/lib/node_modules/firebase-tools/lib/responseToError.js:38:12)
    at Client.doRequest (/home/ybaamel/.nvm/versions/node/v16.13.0/lib/node_modules/firebase-tools/lib/apiv2.js:241:23)
    at processTicksAndRejections (node:internal/process/task_queues:96:5)
    at async Client.request (/home/ybaamel/.nvm/versions/node/v16.13.0/lib/node_modules/firebase-tools/lib/apiv2.js:96:20)
    at async Object.getFirebaseProject (/home/ybaamel/.nvm/versions/node/v16.13.0/lib/node_modules/firebase-tools/lib/management/projects.js:290:21)
    at async Object.getDefaultHostingSite (/home/ybaamel/.nvm/versions/node/v16.13.0/lib/node_modules/firebase-tools/lib/getDefaultHostingSite.js:8:21)
    at async requireHostingSite (/home/ybaamel/.nvm/versions/node/v16.13.0/lib/node_modules/firebase-tools/lib/requireHostingSite.js:9:18)
    at async Object.fn (/home/ybaamel/.nvm/versions/node/v16.13.0/lib/node_modules/firebase-tools/lib/commands/deploy.js:73:9)
    at async /home/ybaamel/.nvm/versions/node/v16.13.0/lib/node_modules/firebase-tools/lib/command.js:188:17
[error] 
[error] Error: Failed to get Firebase project ecom-1-4de2c. Please make sure the project exists and your account has permission to access it.
